<?xml version="1.0" encoding="UTF-8"?>
<coverage generated="1727733903717" clover="3.2.0">
  <project timestamp="1727733903720" name="All files">
    <metrics statements="22" coveredstatements="12" conditionals="2" coveredconditionals="0" methods="8" coveredmethods="0" elements="32" coveredelements="12" complexity="0" loc="22" ncloc="22" packages="1" files="2" classes="2"/>
    <file name="libraryModel.ts" path="E:\Users\YORDHIS\Documents\my-development-courses\PT\app\src\modules\library\libraryModel.ts">
      <metrics statements="10" coveredstatements="10" conditionals="0" coveredconditionals="0" methods="0" coveredmethods="0"/>
      <line num="1" count="1" type="stmt"/>
      <line num="6" count="1" type="stmt"/>
      <line num="9" count="1" type="stmt"/>
      <line num="12" count="1" type="stmt"/>
      <line num="15" count="1" type="stmt"/>
      <line num="18" count="1" type="stmt"/>
      <line num="21" count="1" type="stmt"/>
      <line num="24" count="1" type="stmt"/>
      <line num="27" count="1" type="stmt"/>
      <line num="29" count="1" type="stmt"/>
    </file>
    <file name="libraryService.ts" path="E:\Users\YORDHIS\Documents\my-development-courses\PT\app\src\modules\library\libraryService.ts">
      <metrics statements="12" coveredstatements="2" conditionals="2" coveredconditionals="0" methods="8" coveredmethods="0"/>
      <line num="1" count="1" type="stmt"/>
      <line num="7" count="0" type="stmt"/>
      <line num="11" count="0" type="stmt"/>
      <line num="15" count="0" type="stmt"/>
      <line num="19" count="0" type="stmt"/>
      <line num="24" count="0" type="stmt"/>
      <line num="28" count="0" type="stmt"/>
      <line num="29" count="0" type="stmt"/>
      <line num="33" count="0" type="stmt"/>
      <line num="37" count="0" type="stmt"/>
      <line num="38" count="0" type="cond" truecount="0" falsecount="2"/>
      <line num="42" count="1" type="stmt"/>
    </file>
  </project>
</coverage>
