TN:
SF:src\app.js
FNF:0
FNH:0
DA:1,1
DA:2,1
DA:3,1
DA:4,1
DA:5,1
DA:6,1
DA:7,1
DA:8,1
DA:9,1
DA:10,1
DA:11,1
DA:12,1
DA:13,1
DA:14,1
DA:15,1
DA:16,1
DA:17,1
DA:18,1
DA:19,1
DA:20,1
DA:21,1
DA:22,1
DA:23,1
DA:24,1
DA:25,1
DA:26,1
DA:27,1
DA:28,1
DA:29,1
DA:30,1
DA:31,1
DA:32,1
DA:33,1
DA:34,1
DA:35,1
DA:36,1
DA:37,1
DA:38,1
DA:39,1
DA:40,1
DA:41,1
DA:42,1
DA:43,1
DA:44,0
DA:45,0
DA:46,1
DA:47,1
LF:47
LH:45
BRF:0
BRH:0
end_of_record
TN:
SF:src\config.js
FNF:0
FNH:0
DA:1,1
DA:2,1
DA:3,1
DA:4,1
DA:5,1
DA:6,1
DA:7,1
DA:8,1
DA:9,1
DA:10,1
DA:11,1
DA:12,1
DA:13,1
DA:14,1
DA:15,1
DA:16,1
DA:17,1
DA:18,1
LF:18
LH:18
BRF:0
BRH:0
end_of_record
TN:
SF:src\databases\mongo.js
FNF:0
FNH:0
DA:1,1
DA:2,1
DA:3,1
DA:4,1
DA:5,1
DA:6,1
DA:7,1
DA:8,1
DA:9,1
DA:10,1
DA:11,1
DA:12,1
DA:13,1
DA:14,1
DA:15,0
DA:16,0
DA:17,1
DA:18,1
DA:19,1
DA:20,1
DA:21,0
DA:22,1
DA:23,0
DA:24,0
DA:25,1
DA:26,1
LF:26
LH:21
BRDA:14,0,0,0
BRF:1
BRH:0
end_of_record
TN:
SF:src\middlewares\verifyPermissionOfRequestUser.js
FN:4,veirifyPermissionOfRequestUser
FNF:1
FNH:0
FNDA:0,veirifyPermissionOfRequestUser
DA:1,1
DA:2,1
DA:3,1
DA:4,1
DA:5,0
DA:6,0
DA:7,0
DA:8,0
DA:9,0
DA:10,0
DA:11,0
DA:12,0
DA:13,0
DA:14,0
DA:15,0
DA:16,0
DA:17,0
DA:18,0
DA:19,0
DA:20,0
DA:21,0
DA:22,0
DA:23,0
DA:24,0
DA:25,0
DA:26,0
DA:27,0
DA:28,0
DA:29,0
DA:30,1
DA:31,1
LF:31
LH:6
BRF:0
BRH:0
end_of_record
TN:
SF:src\middlewares\verifyToken.js
FN:6,verifyToken
FNF:1
FNH:0
FNDA:0,verifyToken
DA:1,1
DA:2,1
DA:3,1
DA:4,1
DA:5,1
DA:6,1
DA:7,0
DA:8,0
DA:9,0
DA:10,0
DA:11,0
DA:12,0
DA:13,0
DA:14,0
DA:15,0
DA:16,0
DA:17,0
DA:18,0
DA:19,0
DA:20,0
DA:21,0
DA:22,0
DA:23,0
DA:24,0
DA:25,0
DA:26,0
DA:27,0
DA:28,0
DA:29,0
DA:30,0
DA:31,0
DA:32,0
DA:33,0
DA:34,0
DA:35,1
DA:36,1
LF:36
LH:8
BRF:0
BRH:0
end_of_record
TN:
SF:src\modules\auth\authController.js
FN:6,Object.<anonymous>.exports.register
FN:15,Object.<anonymous>.exports.login
FN:27,Object.<anonymous>.exports.destroyUser
FNF:3
FNH:0
FNDA:0,Object.<anonymous>.exports.register
FNDA:0,Object.<anonymous>.exports.login
FNDA:0,Object.<anonymous>.exports.destroyUser
DA:1,1
DA:2,1
DA:3,1
DA:4,1
DA:5,1
DA:6,1
DA:7,0
DA:8,0
DA:9,0
DA:10,0
DA:11,0
DA:12,0
DA:13,0
DA:14,1
DA:15,1
DA:16,0
DA:17,0
DA:18,0
DA:19,0
DA:20,0
DA:21,0
DA:22,0
DA:23,0
DA:24,0
DA:25,0
DA:26,1
DA:27,1
DA:28,0
DA:29,0
DA:30,0
DA:31,0
DA:32,0
DA:33,0
DA:34,0
DA:35,0
DA:36,0
DA:37,0
DA:38,0
DA:39,0
DA:40,0
DA:41,0
DA:42,0
DA:43,0
DA:44,0
DA:45,0
DA:46,0
DA:47,0
DA:48,0
DA:49,0
DA:50,0
LF:50
LH:10
BRF:0
BRH:0
end_of_record
TN:
SF:src\modules\auth\authModel.js
FNF:0
FNH:0
DA:1,1
DA:2,1
DA:3,1
DA:4,1
DA:5,1
DA:6,1
DA:7,1
DA:8,1
DA:9,1
DA:10,1
DA:11,1
DA:12,1
DA:13,1
LF:13
LH:13
BRF:0
BRH:0
end_of_record
TN:
SF:src\modules\auth\authRouter.js
FNF:0
FNH:0
DA:1,1
DA:2,1
DA:3,1
DA:4,1
DA:5,1
DA:6,1
DA:7,1
DA:8,1
DA:9,1
DA:10,1
DA:11,1
DA:12,1
DA:13,1
DA:14,1
DA:15,1
DA:16,1
DA:17,1
DA:18,1
DA:19,1
DA:20,1
DA:21,1
DA:22,1
DA:23,1
DA:24,1
DA:25,1
DA:26,1
DA:27,1
DA:28,1
DA:29,1
DA:30,1
DA:31,1
DA:32,1
DA:33,1
DA:34,1
DA:35,1
LF:35
LH:35
BRF:0
BRH:0
end_of_record
TN:
SF:src\modules\auth\authService.js
FN:10,register
FN:16,filterByUsername
FN:21,filterByEmail
FN:26,destroyUser
FN:30,genrateToken
FNF:5
FNH:0
FNDA:0,register
FNDA:0,filterByUsername
FNDA:0,filterByEmail
FNDA:0,destroyUser
FNDA:0,genrateToken
DA:1,1
DA:2,1
DA:3,1
DA:4,1
DA:5,1
DA:6,1
DA:7,1
DA:8,1
DA:9,1
DA:10,1
DA:11,0
DA:12,0
DA:13,0
DA:14,0
DA:15,1
DA:16,1
DA:17,0
DA:18,0
DA:19,0
DA:20,1
DA:21,1
DA:22,0
DA:23,0
DA:24,0
DA:25,1
DA:26,1
DA:27,0
DA:28,0
DA:29,1
DA:30,1
DA:31,0
DA:32,0
DA:33,0
DA:34,0
DA:35,1
DA:36,1
DA:37,1
DA:38,1
LF:38
LH:22
BRF:0
BRH:0
end_of_record
TN:
SF:src\modules\auth\adapters\userAdapter.js
FN:6,userAdapter
FNF:1
FNH:0
FNDA:0,userAdapter
DA:1,1
DA:2,1
DA:3,1
DA:4,1
DA:5,1
DA:6,1
DA:7,0
DA:8,0
DA:9,0
DA:10,0
DA:11,0
DA:12,0
DA:13,0
DA:14,0
DA:15,0
DA:16,0
DA:17,0
DA:18,0
DA:19,0
DA:20,0
DA:21,0
DA:22,0
DA:23,0
DA:24,0
DA:25,1
DA:26,1
LF:26
LH:8
BRF:0
BRH:0
end_of_record
TN:
SF:src\modules\auth\middlewares\login\validateExistUser.js
FN:8,validateExistUser
FNF:1
FNH:0
FNDA:0,validateExistUser
DA:1,1
DA:2,1
DA:3,1
DA:4,1
DA:5,1
DA:6,1
DA:7,1
DA:8,1
DA:9,0
DA:10,0
DA:11,0
DA:12,0
DA:13,0
DA:14,0
DA:15,0
DA:16,0
DA:17,0
DA:18,0
DA:19,0
DA:20,0
DA:21,1
DA:22,1
LF:22
LH:10
BRF:0
BRH:0
end_of_record
TN:
SF:src\modules\auth\middlewares\login\validatePassword.js
FN:4,validatePassword
FNF:1
FNH:0
FNDA:0,validatePassword
DA:1,1
DA:2,1
DA:3,1
DA:4,1
DA:5,0
DA:6,0
DA:7,0
DA:8,0
DA:9,0
DA:10,0
DA:11,0
DA:12,0
DA:13,0
DA:14,1
DA:15,1
LF:15
LH:6
BRF:0
BRH:0
end_of_record
TN:
SF:src\modules\auth\middlewares\register\validateEmail.js
FN:4,validateEmail
FNF:1
FNH:0
FNDA:0,validateEmail
DA:1,1
DA:2,1
DA:3,1
DA:4,1
DA:5,0
DA:6,0
DA:7,0
DA:8,0
DA:9,0
DA:10,0
DA:11,0
DA:12,0
DA:13,0
DA:14,0
DA:15,0
DA:16,0
DA:17,1
DA:18,1
LF:18
LH:6
BRF:0
BRH:0
end_of_record
TN:
SF:src\modules\auth\middlewares\register\validateRolRegister.js
FN:1,validateRolRegister
FNF:1
FNH:0
FNDA:0,validateRolRegister
DA:1,1
DA:2,0
DA:3,0
DA:4,0
DA:5,0
DA:6,0
DA:7,0
DA:8,0
DA:9,0
DA:10,0
DA:11,0
DA:12,0
DA:13,0
DA:14,0
DA:15,1
DA:16,1
LF:16
LH:3
BRF:0
BRH:0
end_of_record
TN:
SF:src\modules\auth\middlewares\register\validateRolRegisterAdmin.js
FN:1,validateRolRegisterAdmin
FNF:1
FNH:0
FNDA:0,validateRolRegisterAdmin
DA:1,1
DA:2,0
DA:3,0
DA:4,0
DA:5,0
DA:6,0
DA:7,0
DA:8,0
DA:9,0
DA:10,0
DA:11,0
DA:12,0
DA:13,0
DA:14,0
DA:15,1
DA:16,1
LF:16
LH:3
BRF:0
BRH:0
end_of_record
TN:
SF:src\modules\auth\middlewares\register\validateUsername.js
FN:4,validateUsername
FNF:1
FNH:0
FNDA:0,validateUsername
DA:1,1
DA:2,1
DA:3,1
DA:4,1
DA:5,0
DA:6,0
DA:7,0
DA:8,0
DA:9,0
DA:10,0
DA:11,0
DA:12,0
DA:13,0
DA:14,0
DA:15,0
DA:16,0
DA:17,0
DA:18,0
DA:19,1
DA:20,1
LF:20
LH:6
BRF:0
BRH:0
end_of_record
TN:
SF:src\modules\contentCategory\contentCategoryController.js
FN:5,Object.<anonymous>.exports.all
FN:15,Object.<anonymous>.exports.filterById
FN:25,Object.<anonymous>.exports.register
FN:34,Object.<anonymous>.exports.update
FN:44,Object.<anonymous>.exports.destroy
FNF:5
FNH:0
FNDA:0,Object.<anonymous>.exports.all
FNDA:0,Object.<anonymous>.exports.filterById
FNDA:0,Object.<anonymous>.exports.register
FNDA:0,Object.<anonymous>.exports.update
FNDA:0,Object.<anonymous>.exports.destroy
DA:1,1
DA:2,1
DA:3,1
DA:4,1
DA:5,1
DA:6,0
DA:7,0
DA:8,0
DA:9,0
DA:10,0
DA:11,0
DA:12,0
DA:13,0
DA:14,1
DA:15,1
DA:16,0
DA:17,0
DA:18,0
DA:19,0
DA:20,0
DA:21,0
DA:22,0
DA:23,0
DA:24,1
DA:25,1
DA:26,0
DA:27,0
DA:28,0
DA:29,0
DA:30,0
DA:31,0
DA:32,0
DA:33,1
DA:34,1
DA:35,0
DA:36,0
DA:37,0
DA:38,0
DA:39,0
DA:40,0
DA:41,0
DA:42,1
DA:43,1
DA:44,1
DA:45,0
DA:46,0
DA:47,0
DA:48,0
DA:49,0
DA:50,0
DA:51,0
LF:51
LH:14
BRF:0
BRH:0
end_of_record
TN:
SF:src\modules\contentCategory\contentCategoryModel.js
FNF:0
FNH:0
DA:1,1
DA:2,1
DA:3,1
DA:4,1
DA:5,1
DA:6,1
DA:7,1
DA:8,1
DA:9,1
DA:10,1
DA:11,1
LF:11
LH:11
BRF:0
BRH:0
end_of_record
TN:
SF:src\modules\contentCategory\contentCategoryRouter.js
FNF:0
FNH:0
DA:1,1
DA:2,1
DA:3,1
DA:4,1
DA:5,1
DA:6,1
DA:7,1
DA:8,1
DA:9,1
DA:10,1
DA:11,1
DA:12,1
DA:13,1
DA:14,1
LF:14
LH:14
BRF:0
BRH:0
end_of_record
TN:
SF:src\modules\contentCategory\contentCategoryService.js
FN:5,ContentCategoryService
FN:7,all
FN:12,filterById
FN:17,filterByName
FN:22,register
FN:27,update
FN:31,delete
FNF:7
FNH:1
FNDA:3,ContentCategoryService
FNDA:0,all
FNDA:0,filterById
FNDA:0,filterByName
FNDA:0,register
FNDA:0,update
FNDA:0,delete
DA:1,1
DA:2,1
DA:3,1
DA:4,1
DA:5,1
DA:6,1
DA:7,1
DA:8,0
DA:9,0
DA:10,0
DA:11,1
DA:12,1
DA:13,0
DA:14,0
DA:15,0
DA:16,1
DA:17,1
DA:18,0
DA:19,0
DA:20,0
DA:21,1
DA:22,1
DA:23,0
DA:24,0
DA:25,0
DA:26,1
DA:27,1
DA:28,0
DA:29,0
DA:30,1
DA:31,1
DA:32,0
DA:33,0
DA:34,1
DA:35,1
DA:36,1
DA:37,1
LF:37
LH:21
BRDA:5,0,0,3
BRF:1
BRH:1
end_of_record
TN:
SF:src\modules\contentCategory\middlewares\validateNameContntCategory.js
FN:4,validateNameContentCategory
FNF:1
FNH:0
FNDA:0,validateNameContentCategory
DA:1,1
DA:2,1
DA:3,1
DA:4,1
DA:5,0
DA:6,0
DA:7,0
DA:8,0
DA:9,0
DA:10,0
DA:11,0
DA:12,0
DA:13,1
DA:14,1
LF:14
LH:6
BRF:0
BRH:0
end_of_record
TN:
SF:src\modules\library\libraryController.js
FN:3,Object.<anonymous>.exports.register
FN:14,Object.<anonymous>.exports.all
FN:25,Object.<anonymous>.exports.filterById
FN:36,Object.<anonymous>.exports.filterByIdTheme
FN:47,Object.<anonymous>.exports.update
FN:58,Object.<anonymous>.exports.destroy
FNF:6
FNH:0
FNDA:0,Object.<anonymous>.exports.register
FNDA:0,Object.<anonymous>.exports.all
FNDA:0,Object.<anonymous>.exports.filterById
FNDA:0,Object.<anonymous>.exports.filterByIdTheme
FNDA:0,Object.<anonymous>.exports.update
FNDA:0,Object.<anonymous>.exports.destroy
DA:1,1
DA:2,1
DA:3,1
DA:4,0
DA:5,0
DA:6,0
DA:7,0
DA:8,0
DA:9,0
DA:10,0
DA:11,0
DA:12,0
DA:13,1
DA:14,1
DA:15,0
DA:16,0
DA:17,0
DA:18,0
DA:19,0
DA:20,0
DA:21,0
DA:22,0
DA:23,0
DA:24,1
DA:25,1
DA:26,0
DA:27,0
DA:28,0
DA:29,0
DA:30,0
DA:31,0
DA:32,0
DA:33,0
DA:34,0
DA:35,1
DA:36,1
DA:37,0
DA:38,0
DA:39,0
DA:40,0
DA:41,0
DA:42,0
DA:43,0
DA:44,0
DA:45,0
DA:46,1
DA:47,1
DA:48,0
DA:49,0
DA:50,0
DA:51,0
DA:52,0
DA:53,0
DA:54,0
DA:55,0
DA:56,0
DA:57,1
DA:58,1
DA:59,0
DA:60,0
DA:61,0
DA:62,0
DA:63,0
DA:64,0
DA:65,0
DA:66,0
DA:67,0
LF:67
LH:13
BRF:0
BRH:0
end_of_record
TN:
SF:src\modules\library\libraryModel.js
FNF:0
FNH:0
DA:1,1
DA:2,1
DA:3,1
DA:4,1
DA:5,1
DA:6,1
DA:7,1
DA:8,1
DA:9,1
DA:10,1
DA:11,1
DA:12,1
DA:13,1
DA:14,1
DA:15,1
DA:16,1
LF:16
LH:16
BRF:0
BRH:0
end_of_record
TN:
SF:src\modules\library\libraryRouter.js
FNF:0
FNH:0
DA:1,1
DA:2,1
DA:3,1
DA:4,1
DA:5,1
DA:6,1
DA:7,1
DA:8,1
DA:9,1
DA:10,1
DA:11,1
DA:12,1
DA:13,1
DA:14,1
DA:15,1
DA:16,1
DA:17,1
DA:18,1
DA:19,1
DA:20,1
DA:21,1
DA:22,1
DA:23,1
DA:24,1
DA:25,1
LF:25
LH:25
BRF:0
BRH:0
end_of_record
TN:
SF:src\modules\library\libraryService.js
FN:6,LibraryService
FN:10,register
FN:15,all
FN:20,filterById
FN:25,filterByIdTheme
FN:30,filterByTitle
FN:35,filterByTitleAndByTheme
FN:40,update
FN:44,destroy
FNF:9
FNH:0
FNDA:0,LibraryService
FNDA:0,register
FNDA:0,all
FNDA:0,filterById
FNDA:0,filterByIdTheme
FNDA:0,filterByTitle
FNDA:0,filterByTitleAndByTheme
FNDA:0,update
FNDA:0,destroy
DA:1,1
DA:2,1
DA:3,1
DA:4,1
DA:5,1
DA:6,1
DA:7,0
DA:8,0
DA:9,1
DA:10,1
DA:11,0
DA:12,0
DA:13,0
DA:14,1
DA:15,1
DA:16,0
DA:17,0
DA:18,0
DA:19,1
DA:20,1
DA:21,0
DA:22,0
DA:23,0
DA:24,1
DA:25,1
DA:26,0
DA:27,0
DA:28,0
DA:29,1
DA:30,1
DA:31,0
DA:32,0
DA:33,0
DA:34,1
DA:35,1
DA:36,0
DA:37,0
DA:38,0
DA:39,1
DA:40,1
DA:41,0
DA:42,0
DA:43,1
DA:44,1
DA:45,0
DA:46,0
DA:47,1
DA:48,1
DA:49,1
DA:50,1
DA:51,1
DA:52,1
LF:52
LH:28
BRF:0
BRH:0
end_of_record
TN:
SF:src\modules\library\adapters\btnAdapter.js
FN:4,btnAdapter
FNF:1
FNH:0
FNDA:0,btnAdapter
DA:1,1
DA:2,1
DA:3,1
DA:4,1
DA:5,0
DA:6,0
DA:7,0
DA:8,0
DA:9,0
DA:10,0
DA:11,0
DA:12,0
DA:13,0
DA:14,0
DA:15,0
DA:16,0
DA:17,0
DA:18,0
DA:19,0
DA:20,0
DA:21,0
DA:22,0
DA:23,0
DA:24,0
DA:25,0
DA:26,0
DA:27,0
DA:28,0
DA:29,1
DA:30,1
LF:30
LH:6
BRF:0
BRH:0
end_of_record
TN:
SF:src\modules\library\adapters\libraryAllAdapter.js
FN:4,libraryAdapter
FNF:1
FNH:0
FNDA:0,libraryAdapter
DA:1,1
DA:2,1
DA:3,1
DA:4,1
DA:5,0
DA:6,0
DA:7,0
DA:8,0
DA:9,0
DA:10,0
DA:11,0
DA:12,0
DA:13,0
DA:14,0
DA:15,0
DA:16,0
DA:17,1
DA:18,1
LF:18
LH:6
BRF:0
BRH:0
end_of_record
TN:
SF:src\modules\library\adapters\librarySingleAdapter.js
FN:3,librarySingleAdapter
FNF:1
FNH:0
FNDA:0,librarySingleAdapter
DA:1,1
DA:2,1
DA:3,1
DA:4,0
DA:5,0
DA:6,0
DA:7,0
DA:8,0
DA:9,0
DA:10,0
DA:11,0
DA:12,0
DA:13,0
DA:14,0
DA:15,0
DA:16,0
DA:17,0
DA:18,1
DA:19,1
LF:19
LH:5
BRF:0
BRH:0
end_of_record
TN:
SF:src\modules\library\middlewares\validateNotRepitMultimediaInTheme.js
FN:3,validateNotRepitMultimediaInTheme
FNF:1
FNH:0
FNDA:0,validateNotRepitMultimediaInTheme
DA:1,1
DA:2,1
DA:3,1
DA:4,0
DA:5,0
DA:6,0
DA:7,0
DA:8,0
DA:9,0
DA:10,0
DA:11,0
DA:12,0
DA:13,0
DA:14,0
DA:15,0
DA:16,0
DA:17,0
DA:18,0
DA:19,0
DA:20,0
DA:21,1
DA:22,1
LF:22
LH:5
BRF:0
BRH:0
end_of_record
TN:
SF:src\modules\library\middlewares\validatePermissionsOfContent.js
FN:4,validatePermissionsOfContent
FNF:1
FNH:0
FNDA:0,validatePermissionsOfContent
DA:1,1
DA:2,1
DA:3,1
DA:4,1
DA:5,0
DA:6,0
DA:7,0
DA:8,0
DA:9,0
DA:10,0
DA:11,0
DA:12,0
DA:13,0
DA:14,0
DA:15,0
DA:16,0
DA:17,0
DA:18,0
DA:19,1
DA:20,1
LF:20
LH:6
BRF:0
BRH:0
end_of_record
TN:
SF:src\modules\library\middlewares\validateThemeExists.js
FN:4,validateThemeExists
FNF:1
FNH:0
FNDA:0,validateThemeExists
DA:1,1
DA:2,1
DA:3,1
DA:4,1
DA:5,0
DA:6,0
DA:7,0
DA:8,0
DA:9,0
DA:10,0
DA:11,0
DA:12,0
DA:13,0
DA:14,0
DA:15,0
DA:16,1
DA:17,1
LF:17
LH:6
BRF:0
BRH:0
end_of_record
TN:
SF:src\modules\library\middlewares\validateThemeIsActive.js
FN:4,validateThemeIsActive
FNF:1
FNH:0
FNDA:0,validateThemeIsActive
DA:1,1
DA:2,1
DA:3,1
DA:4,1
DA:5,0
DA:6,0
DA:7,0
DA:8,0
DA:9,0
DA:10,0
DA:11,0
DA:12,0
DA:13,0
DA:14,0
DA:15,0
DA:16,1
DA:17,1
LF:17
LH:6
BRF:0
BRH:0
end_of_record
TN:
SF:src\modules\profile\profileController.js
FN:5,Object.<anonymous>.exports.getProfile
FN:19,Object.<anonymous>.exports.createProfile
FN:34,Object.<anonymous>.exports.updateProfile
FN:50,Object.<anonymous>.exports.deleteProfile
FNF:4
FNH:0
FNDA:0,Object.<anonymous>.exports.getProfile
FNDA:0,Object.<anonymous>.exports.createProfile
FNDA:0,Object.<anonymous>.exports.updateProfile
FNDA:0,Object.<anonymous>.exports.deleteProfile
DA:1,1
DA:2,1
DA:3,1
DA:4,1
DA:5,1
DA:6,0
DA:7,0
DA:8,0
DA:9,0
DA:10,0
DA:11,0
DA:12,0
DA:13,0
DA:14,0
DA:15,0
DA:16,0
DA:17,1
DA:18,1
DA:19,1
DA:20,0
DA:21,0
DA:22,0
DA:23,0
DA:24,0
DA:25,0
DA:26,0
DA:27,0
DA:28,0
DA:29,0
DA:30,0
DA:31,0
DA:32,1
DA:33,1
DA:34,1
DA:35,0
DA:36,0
DA:37,0
DA:38,0
DA:39,0
DA:40,0
DA:41,0
DA:42,0
DA:43,0
DA:44,0
DA:45,0
DA:46,1
DA:47,1
DA:48,1
DA:49,1
DA:50,1
DA:51,0
DA:52,0
DA:53,0
DA:54,0
DA:55,0
DA:56,0
DA:57,0
DA:58,0
DA:59,0
LF:59
LH:16
BRF:0
BRH:0
end_of_record
TN:
SF:src\modules\profile\profileModel.js
FNF:0
FNH:0
DA:1,1
DA:2,1
DA:3,1
DA:4,1
DA:5,1
DA:6,1
DA:7,1
DA:8,1
DA:9,1
DA:10,1
DA:11,1
DA:12,1
DA:13,1
DA:14,1
LF:14
LH:14
BRF:0
BRH:0
end_of_record
TN:
SF:src\modules\profile\profileRouter.js
FNF:0
FNH:0
DA:1,1
DA:2,1
DA:3,1
DA:4,1
DA:5,1
DA:6,1
DA:7,1
DA:8,1
DA:9,1
DA:10,1
DA:11,1
DA:12,1
DA:13,1
LF:13
LH:13
BRF:0
BRH:0
end_of_record
TN:
SF:src\modules\profile\profileService.js
FN:7,ProfileService
FN:9,filterById
FN:14,create
FN:19,update
FN:23,delete
FNF:5
FNH:1
FNDA:4,ProfileService
FNDA:0,filterById
FNDA:0,create
FNDA:0,update
FNDA:0,delete
DA:1,1
DA:2,1
DA:3,1
DA:4,1
DA:5,1
DA:6,1
DA:7,1
DA:8,1
DA:9,1
DA:10,0
DA:11,0
DA:12,0
DA:13,1
DA:14,1
DA:15,0
DA:16,0
DA:17,0
DA:18,1
DA:19,1
DA:20,0
DA:21,0
DA:22,1
DA:23,1
DA:24,0
DA:25,0
DA:26,1
DA:27,1
DA:28,1
DA:29,1
DA:30,1
LF:30
LH:20
BRDA:7,0,0,4
BRF:1
BRH:1
end_of_record
TN:
SF:src\modules\profile\middlewares\validateProfileExist.js
FN:4,validateProfileExist
FNF:1
FNH:0
FNDA:0,validateProfileExist
DA:1,1
DA:2,1
DA:3,1
DA:4,1
DA:5,0
DA:6,0
DA:7,0
DA:8,0
DA:9,0
DA:10,0
DA:11,0
DA:12,0
DA:13,0
DA:14,0
DA:15,0
DA:16,1
DA:17,1
LF:17
LH:6
BRF:0
BRH:0
end_of_record
TN:
SF:src\modules\rol\rolController.js
FN:4,Object.<anonymous>.exports.register
FN:13,Object.<anonymous>.exports.all
FN:22,Object.<anonymous>.exports.filterById
FN:31,Object.<anonymous>.exports.update
FN:40,Object.<anonymous>.exports.destroy
FNF:5
FNH:0
FNDA:0,Object.<anonymous>.exports.register
FNDA:0,Object.<anonymous>.exports.all
FNDA:0,Object.<anonymous>.exports.filterById
FNDA:0,Object.<anonymous>.exports.update
FNDA:0,Object.<anonymous>.exports.destroy
DA:1,1
DA:2,1
DA:3,1
DA:4,1
DA:5,0
DA:6,0
DA:7,0
DA:8,0
DA:9,0
DA:10,0
DA:11,0
DA:12,1
DA:13,1
DA:14,0
DA:15,0
DA:16,0
DA:17,0
DA:18,0
DA:19,0
DA:20,0
DA:21,1
DA:22,1
DA:23,0
DA:24,0
DA:25,0
DA:26,0
DA:27,0
DA:28,0
DA:29,0
DA:30,1
DA:31,1
DA:32,0
DA:33,0
DA:34,0
DA:35,0
DA:36,0
DA:37,0
DA:38,0
DA:39,1
DA:40,1
DA:41,0
DA:42,0
DA:43,0
DA:44,0
DA:45,0
DA:46,0
DA:47,0
LF:47
LH:12
BRF:0
BRH:0
end_of_record
TN:
SF:src\modules\rol\rolModel.js
FNF:0
FNH:0
DA:1,1
DA:2,1
DA:3,1
DA:4,1
DA:5,1
DA:6,1
DA:7,1
DA:8,1
DA:9,1
DA:10,1
DA:11,1
DA:12,1
LF:12
LH:12
BRF:0
BRH:0
end_of_record
TN:
SF:src\modules\rol\rolRouter.js
FNF:0
FNH:0
DA:1,1
DA:2,1
DA:3,1
DA:4,1
DA:5,1
DA:6,1
DA:7,1
DA:8,1
DA:9,1
DA:10,1
DA:11,1
DA:12,1
DA:13,1
DA:14,1
DA:15,1
DA:16,1
DA:17,1
DA:18,1
DA:19,1
DA:20,1
DA:21,1
DA:22,1
DA:23,1
DA:24,1
DA:25,1
DA:26,1
LF:26
LH:26
BRF:0
BRH:0
end_of_record
TN:
SF:src\modules\rol\rolService.js
FN:5,register
FN:10,all
FN:14,filterById
FN:18,filterByName
FN:22,update
FN:26,destroy
FNF:6
FNH:0
FNDA:0,register
FNDA:0,all
FNDA:0,filterById
FNDA:0,filterByName
FNDA:0,update
FNDA:0,destroy
DA:1,1
DA:2,1
DA:3,1
DA:4,1
DA:5,1
DA:6,0
DA:7,0
DA:8,0
DA:9,1
DA:10,1
DA:11,0
DA:12,0
DA:13,1
DA:14,1
DA:15,0
DA:16,0
DA:17,1
DA:18,1
DA:19,0
DA:20,0
DA:21,1
DA:22,1
DA:23,0
DA:24,0
DA:25,1
DA:26,1
DA:27,0
DA:28,0
DA:29,1
DA:30,1
DA:31,1
DA:32,1
LF:32
LH:19
BRF:0
BRH:0
end_of_record
TN:
SF:src\modules\rol\middlewares\validateNotRepitPermission.js
FN:1,validateNotRepitPermission
FNF:1
FNH:0
FNDA:0,validateNotRepitPermission
DA:1,1
DA:2,0
DA:3,0
DA:4,0
DA:5,0
DA:6,0
DA:7,0
DA:8,0
DA:9,0
DA:10,0
DA:11,0
DA:12,0
DA:13,0
DA:14,0
DA:15,0
DA:16,0
DA:17,0
DA:18,1
DA:19,1
LF:19
LH:3
BRF:0
BRH:0
end_of_record
TN:
SF:src\modules\rol\middlewares\validateNotRepitRol.js
FN:4,validateNotRepitRol
FNF:1
FNH:0
FNDA:0,validateNotRepitRol
DA:1,1
DA:2,1
DA:3,1
DA:4,1
DA:5,0
DA:6,0
DA:7,0
DA:8,0
DA:9,0
DA:10,0
DA:11,0
DA:12,0
DA:13,1
DA:14,1
LF:14
LH:6
BRF:0
BRH:0
end_of_record
TN:
SF:src\modules\rol\middlewares\validateNotRepitRolUpdate.js
FN:4,validateNotRepitRolUpdate
FNF:1
FNH:0
FNDA:0,validateNotRepitRolUpdate
DA:1,1
DA:2,1
DA:3,1
DA:4,1
DA:5,0
DA:6,0
DA:7,0
DA:8,0
DA:9,0
DA:10,0
DA:11,0
DA:12,0
DA:13,0
DA:14,0
DA:15,0
DA:16,0
DA:17,0
DA:18,0
DA:19,1
DA:20,1
LF:20
LH:6
BRF:0
BRH:0
end_of_record
TN:
SF:src\modules\rol\middlewares\validatePermission.js
FN:2,validatePermission
FNF:1
FNH:0
FNDA:0,validatePermission
DA:1,1
DA:2,1
DA:3,0
DA:4,0
DA:5,0
DA:6,0
DA:7,0
DA:8,0
DA:9,0
DA:10,0
DA:11,0
DA:12,0
DA:13,0
DA:14,0
DA:15,0
DA:16,0
DA:17,1
DA:18,1
LF:18
LH:4
BRF:0
BRH:0
end_of_record
TN:
SF:src\modules\theme\themeController.js
FN:4,Object.<anonymous>.exports.all
FN:13,Object.<anonymous>.exports.filterById
FN:22,Object.<anonymous>.exports.register
FN:32,Object.<anonymous>.exports.update
FN:41,Object.<anonymous>.exports.destroy
FNF:5
FNH:0
FNDA:0,Object.<anonymous>.exports.all
FNDA:0,Object.<anonymous>.exports.filterById
FNDA:0,Object.<anonymous>.exports.register
FNDA:0,Object.<anonymous>.exports.update
FNDA:0,Object.<anonymous>.exports.destroy
DA:1,1
DA:2,1
DA:3,1
DA:4,1
DA:5,0
DA:6,0
DA:7,0
DA:8,0
DA:9,0
DA:10,0
DA:11,0
DA:12,1
DA:13,1
DA:14,0
DA:15,0
DA:16,0
DA:17,0
DA:18,0
DA:19,0
DA:20,0
DA:21,1
DA:22,1
DA:23,0
DA:24,0
DA:25,0
DA:26,0
DA:27,0
DA:28,0
DA:29,0
DA:30,1
DA:31,1
DA:32,1
DA:33,0
DA:34,0
DA:35,0
DA:36,0
DA:37,0
DA:38,0
DA:39,0
DA:40,1
DA:41,1
DA:42,0
DA:43,0
DA:44,0
DA:45,0
DA:46,0
DA:47,0
DA:48,0
LF:48
LH:13
BRF:0
BRH:0
end_of_record
TN:
SF:src\modules\theme\themeModel.js
FNF:0
FNH:0
DA:1,1
DA:2,1
DA:3,1
DA:4,1
DA:5,1
DA:6,1
DA:7,1
DA:8,1
DA:9,1
DA:10,1
DA:11,1
DA:12,1
DA:13,1
LF:13
LH:13
BRF:0
BRH:0
end_of_record
TN:
SF:src\modules\theme\themeRouter.js
FNF:0
FNH:0
DA:1,1
DA:2,1
DA:3,1
DA:4,1
DA:5,1
DA:6,1
DA:7,1
DA:8,1
DA:9,1
DA:10,1
DA:11,1
DA:12,1
DA:13,1
DA:14,1
DA:15,1
DA:16,1
LF:16
LH:16
BRF:0
BRH:0
end_of_record
TN:
SF:src\modules\theme\themeService.js
FN:5,all
FN:9,filterById
FN:13,filterByName
FN:17,update
FN:21,register
FN:26,destroy
FNF:6
FNH:0
FNDA:0,all
FNDA:0,filterById
FNDA:0,filterByName
FNDA:0,update
FNDA:0,register
FNDA:0,destroy
DA:1,1
DA:2,1
DA:3,1
DA:4,1
DA:5,1
DA:6,0
DA:7,0
DA:8,1
DA:9,1
DA:10,0
DA:11,0
DA:12,1
DA:13,1
DA:14,0
DA:15,0
DA:16,1
DA:17,1
DA:18,0
DA:19,0
DA:20,1
DA:21,1
DA:22,0
DA:23,0
DA:24,0
DA:25,1
DA:26,1
DA:27,0
DA:28,0
DA:29,1
DA:30,1
DA:31,1
DA:32,1
DA:33,1
LF:33
LH:20
BRF:0
BRH:0
end_of_record
TN:
SF:src\modules\theme\middlewares\validateNameTheme.js
FN:4,validateNameTheme
FNF:1
FNH:0
FNDA:0,validateNameTheme
DA:1,1
DA:2,1
DA:3,1
DA:4,1
DA:5,0
DA:6,0
DA:7,0
DA:8,0
DA:9,0
DA:10,0
DA:11,0
DA:12,0
DA:13,1
DA:14,1
LF:14
LH:6
BRF:0
BRH:0
end_of_record
TN:
SF:src\modules\theme\middlewares\validatePermissionContentCategory.js
FN:4,validatePermissionContentCategory
FNF:1
FNH:0
FNDA:0,validatePermissionContentCategory
DA:1,1
DA:2,1
DA:3,1
DA:4,1
DA:5,0
DA:6,0
DA:7,0
DA:8,0
DA:9,0
DA:10,0
DA:11,0
DA:12,0
DA:13,0
DA:14,0
DA:15,0
DA:16,0
DA:17,0
DA:18,0
DA:19,0
DA:20,0
DA:21,0
DA:22,0
DA:23,0
DA:24,0
DA:25,0
DA:26,0
DA:27,1
DA:28,1
LF:28
LH:6
BRF:0
BRH:0
end_of_record
TN:
SF:src\modules\theme\middlewares\validateUpdateNameTheme.js
FN:4,validateUpdateNameTheme
FNF:1
FNH:0
FNDA:0,validateUpdateNameTheme
DA:1,1
DA:2,1
DA:3,1
DA:4,1
DA:5,0
DA:6,0
DA:7,0
DA:8,0
DA:9,0
DA:10,0
DA:11,0
DA:12,0
DA:13,0
DA:14,0
DA:15,0
DA:16,0
DA:17,0
DA:18,0
DA:19,0
DA:20,0
DA:21,1
DA:22,1
LF:22
LH:6
BRF:0
BRH:0
end_of_record
TN:
SF:src\routers\routers.js
FNF:0
FNH:0
DA:1,1
DA:2,1
DA:3,1
DA:4,1
DA:5,1
DA:6,1
DA:7,1
DA:8,1
DA:9,1
DA:10,1
DA:11,1
DA:12,1
DA:13,1
DA:14,1
DA:15,1
DA:16,1
DA:17,1
DA:18,1
DA:19,1
DA:20,1
DA:21,1
DA:22,1
DA:23,1
DA:24,1
DA:25,1
DA:26,1
LF:26
LH:26
BRF:0
BRH:0
end_of_record
